================================
Module 4-print_square test cases
================================

#run the test with the command 'python3 -m doctest -v ./tests/4-print_square.txt'

IMPORT MODULE:
	>>> print_square = __import__('4-print_square').print_square

PASS INT:
	>>> print_square(4)
	####
	####
	####
	####

	>>> print_square(0)

	>>> print_square(1)
	#

PASS FLOAT:
	>>> print_square(4.5)
	Traceback (most recent call last):
	...
	TypeError: size must be an integer

	>>> print_square(-4.5)
	Traceback (most recent call last):
	...
	TypeError: size must be an integer

PASS INT LESS THAN ZERO:
	>>> print_square(-8)
	Traceback (most recent call last):
	...
	ValueError: size must be >= 0

PASS NONE INT VALUE:
	>>> print_square("Hello")
	Traceback (most recent call last):
	...
	TypeError: size must be an integer

	>>> print_square(None)
	Traceback (most recent call last):
	...
	TypeError: size must be an integer

	>>> print_square()
	Traceback (most recent call last):
	...
	TypeError: print_square() missing 1 required positional argument: 'size'
